# JRE version: OpenJDK Runtime Environment Temurin-17.0.4.1+1 (17.0.4.1+1) (build 17.0.4.1+1)
# Java VM: OpenJDK 64-Bit Server VM Temurin-17.0.4.1+1 (17.0.4.1+1, mixed mode, tiered, compressed oops, compressed class ptrs, parallel gc, windows-amd64)
GC Precious Log:
 CPUs: 8 total, 8 available
 Memory: 15289M
 Large Page Support: Disabled
 NUMA Support: Disabled
 Compressed Oops: Enabled (32-bit)
 Alignments: Space 512K, Generation 512K, Heap 2M
 Heap Min Capacity: 100M
 Heap Initial Capacity: 100M
 Heap Max Capacity: 1G
 Pre-touch: Disabled
 Parallel Workers: 8
Heap:
 PSYoungGen      total 9728K, used 3482K [0x00000000eab00000, 0x00000000ebf00000, 0x0000000100000000)
  eden space 6656K, 21% used [0x00000000eab00000,0x00000000eac66828,0x00000000eb180000)
  from space 3072K, 66% used [0x00000000eb680000,0x00000000eb880020,0x00000000eb980000)
  to   space 5120K, 0% used [0x00000000eb180000,0x00000000eb180000,0x00000000eb680000)
 ParOldGen       total 365568K, used 352830K [0x00000000c0000000, 0x00000000d6500000, 0x00000000eab00000)
  object space 365568K, 96% used [0x00000000c0000000,0x00000000d588fab0,0x00000000d6500000)
 Metaspace       used 86166K, committed 87168K, reserved 1130496K
  class space    used 8583K, committed 9024K, reserved 1048576K
GC Heap History (20 events):
Event: 3075.004 GC heap before
{Heap before GC invocations=5203 (full 113):
 PSYoungGen      total 4608K, used 4605K [0x00000000eab00000, 0x00000000eb280000, 0x0000000100000000)
  eden space 3584K, 100% used [0x00000000eab00000,0x00000000eae80000,0x00000000eae80000)
  from space 1024K, 99% used [0x00000000eb180000,0x00000000eb27f5e0,0x00000000eb280000)
  to   space 2048K, 0% used [0x00000000eae80000,0x00000000eae80000,0x00000000eb080000)
 ParOldGen       total 365568K, used 323156K [0x00000000c0000000, 0x00000000d6500000, 0x00000000eab00000)
  object space 365568K, 88% used [0x00000000c0000000,0x00000000d3b95008,0x00000000d6500000)
 Metaspace       used 86164K, committed 87168K, reserved 1130496K
  class space    used 8583K, committed 9024K, reserved 1048576K
}
Event: 3075.006 GC heap after
{Heap after GC invocations=5203 (full 113):
 PSYoungGen      total 5632K, used 2048K [0x00000000eab00000, 0x00000000eb780000, 0x0000000100000000)
  eden space 3584K, 0% used [0x00000000eab00000,0x00000000eab00000,0x00000000eae80000)
  from space 2048K, 100% used [0x00000000eae80000,0x00000000eb080000,0x00000000eb080000)
  to   space 4608K, 0% used [0x00000000eb300000,0x00000000eb300000,0x00000000eb780000)
 ParOldGen       total 365568K, used 325035K [0x00000000c0000000, 0x00000000d6500000, 0x00000000eab00000)
  object space 365568K, 88% used [0x00000000c0000000,0x00000000d3d6aee8,0x00000000d6500000)
 Metaspace       used 86164K, committed 87168K, reserved 1130496K
  class space    used 8583K, committed 9024K, reserved 1048576K
}
Event: 3075.013 GC heap before
{Heap before GC invocations=5204 (full 113):
 PSYoungGen      total 5632K, used 5632K [0x00000000eab00000, 0x00000000eb780000, 0x0000000100000000)
  eden space 3584K, 100% used [0x00000000eab00000,0x00000000eae80000,0x00000000eae80000)
  from space 2048K, 100% used [0x00000000eae80000,0x00000000eb080000,0x00000000eb080000)
  to   space 4608K, 0% used [0x00000000eb300000,0x00000000eb300000,0x00000000eb780000)
 ParOldGen       total 365568K, used 325035K [0x00000000c0000000, 0x00000000d6500000, 0x00000000eab00000)
  object space 365568K, 88% used [0x00000000c0000000,0x00000000d3d6aee8,0x00000000d6500000)
 Metaspace       used 86164K, committed 87168K, reserved 1130496K
  class space    used 8583K, committed 9024K, reserved 1048576K
}
Event: 3075.017 GC heap after
{Heap after GC invocations=5204 (full 113):
 PSYoungGen      total 8704K, used 3474K [0x00000000eab00000, 0x00000000eb780000, 0x0000000100000000)
  eden space 4096K, 0% used [0x00000000eab00000,0x00000000eab00000,0x00000000eaf00000)
  from space 4608K, 75% used [0x00000000eb300000,0x00000000eb664920,0x00000000eb780000)
  to   space 4096K, 0% used [0x00000000eaf00000,0x00000000eaf00000,0x00000000eb300000)
 ParOldGen       total 365568K, used 327115K [0x00000000c0000000, 0x00000000d6500000, 0x00000000eab00000)
  object space 365568K, 89% used [0x00000000c0000000,0x00000000d3f72ee8,0x00000000d6500000)
 Metaspace       used 86164K, committed 87168K, reserved 1130496K
  class space    used 8583K, committed 9024K, reserved 1048576K
}
Event: 3075.021 GC heap before
{Heap before GC invocations=5205 (full 113):
 PSYoungGen      total 8704K, used 7570K [0x00000000eab00000, 0x00000000eb780000, 0x0000000100000000)
  eden space 4096K, 100% used [0x00000000eab00000,0x00000000eaf00000,0x00000000eaf00000)
  from space 4608K, 75% used [0x00000000eb300000,0x00000000eb664920,0x00000000eb780000)
  to   space 4096K, 0% used [0x00000000eaf00000,0x00000000eaf00000,0x00000000eb300000)
 ParOldGen       total 365568K, used 327115K [0x00000000c0000000, 0x00000000d6500000, 0x00000000eab00000)
  object space 365568K, 89% used [0x00000000c0000000,0x00000000d3f72ee8,0x00000000d6500000)
 Metaspace       used 86164K, committed 87168K, reserved 1130496K
  class space    used 8583K, committed 9024K, reserved 1048576K
}
Event: 3075.024 GC heap after
{Heap after GC invocations=5205 (full 113):
 PSYoungGen      total 8192K, used 2848K [0x00000000eab00000, 0x00000000eb700000, 0x0000000100000000)
  eden space 4096K, 0% used [0x00000000eab00000,0x00000000eab00000,0x00000000eaf00000)
  from space 4096K, 69% used [0x00000000eaf00000,0x00000000eb1c8000,0x00000000eb300000)
  to   space 3584K, 0% used [0x00000000eb380000,0x00000000eb380000,0x00000000eb700000)
 ParOldGen       total 365568K, used 330494K [0x00000000c0000000, 0x00000000d6500000, 0x00000000eab00000)
  object space 365568K, 90% used [0x00000000c0000000,0x00000000d42bf808,0x00000000d6500000)
 Metaspace       used 86164K, committed 87168K, reserved 1130496K
  class space    used 8583K, committed 9024K, reserved 1048576K
}
Event: 3075.029 GC heap before
{Heap before GC invocations=5206 (full 113):
 PSYoungGen      total 8192K, used 6944K [0x00000000eab00000, 0x00000000eb700000, 0x0000000100000000)
  eden space 4096K, 100% used [0x00000000eab00000,0x00000000eaf00000,0x00000000eaf00000)
  from space 4096K, 69% used [0x00000000eaf00000,0x00000000eb1c8000,0x00000000eb300000)
  to   space 3584K, 0% used [0x00000000eb380000,0x00000000eb380000,0x00000000eb700000)
 ParOldGen       total 365568K, used 330494K [0x00000000c0000000, 0x00000000d6500000, 0x00000000eab00000)
  object space 365568K, 90% used [0x00000000c0000000,0x00000000d42bf808,0x00000000d6500000)
 Metaspace       used 86164K, committed 87168K, reserved 1130496K
  class space    used 8583K, committed 9024K, reserved 1048576K
}
Event: 3075.035 GC heap after
{Heap after GC invocations=5206 (full 113):
 PSYoungGen      total 8192K, used 2901K [0x00000000eab00000, 0x00000000eb680000, 0x0000000100000000)
  eden space 5120K, 0% used [0x00000000eab00000,0x00000000eab00000,0x00000000eb000000)
  from space 3072K, 94% used [0x00000000eb380000,0x00000000eb655400,0x00000000eb680000)
  to   space 3072K, 0% used [0x00000000eb080000,0x00000000eb080000,0x00000000eb380000)
 ParOldGen       total 365568K, used 333269K [0x00000000c0000000, 0x00000000d6500000, 0x00000000eab00000)
  object space 365568K, 91% used [0x00000000c0000000,0x00000000d4575520,0x00000000d6500000)
 Metaspace       used 86164K, committed 87168K, reserved 1130496K
  class space    used 8583K, committed 9024K, reserved 1048576K
}
Event: 3075.042 GC heap before
{Heap before GC invocations=5207 (full 113):
 PSYoungGen      total 8192K, used 8021K [0x00000000eab00000, 0x00000000eb680000, 0x0000000100000000)
  eden space 5120K, 100% used [0x00000000eab00000,0x00000000eb000000,0x00000000eb000000)
  from space 3072K, 94% used [0x00000000eb380000,0x00000000eb655400,0x00000000eb680000)
  to   space 3072K, 0% used [0x00000000eb080000,0x00000000eb080000,0x00000000eb380000)
 ParOldGen       total 365568K, used 333269K [0x00000000c0000000, 0x00000000d6500000, 0x00000000eab00000)
  object space 365568K, 91% used [0x00000000c0000000,0x00000000d4575520,0x00000000d6500000)
 Metaspace       used 86164K, committed 87168K, reserved 1130496K
  class space    used 8583K, committed 9024K, reserved 1048576K
}
Event: 3075.049 GC heap after
{Heap after GC invocations=5207 (full 113):
 PSYoungGen      total 8704K, used 3072K [0x00000000eab00000, 0x00000000ebe00000, 0x0000000100000000)
  eden space 5632K, 0% used [0x00000000eab00000,0x00000000eab00000,0x00000000eb080000)
  from space 3072K, 100% used [0x00000000eb080000,0x00000000eb380000,0x00000000eb380000)
  to   space 6656K, 0% used [0x00000000eb780000,0x00000000eb780000,0x00000000ebe00000)
 ParOldGen       total 365568K, used 336147K [0x00000000c0000000, 0x00000000d6500000, 0x00000000eab00000)
  object space 365568K, 91% used [0x00000000c0000000,0x00000000d4844e50,0x00000000d6500000)
 Metaspace       used 86164K, committed 87168K, reserved 1130496K
  class space    used 8583K, committed 9024K, reserved 1048576K
}
Event: 3075.055 GC heap before
{Heap before GC invocations=5208 (full 113):
 PSYoungGen      total 8704K, used 8704K [0x00000000eab00000, 0x00000000ebe00000, 0x0000000100000000)
  eden space 5632K, 100% used [0x00000000eab00000,0x00000000eb080000,0x00000000eb080000)
  from space 3072K, 100% used [0x00000000eb080000,0x00000000eb380000,0x00000000eb380000)
  to   space 6656K, 0% used [0x00000000eb780000,0x00000000eb780000,0x00000000ebe00000)
 ParOldGen       total 365568K, used 336147K [0x00000000c0000000, 0x00000000d6500000, 0x00000000eab00000)
  object space 365568K, 91% used [0x00000000c0000000,0x00000000d4844e50,0x00000000d6500000)
 Metaspace       used 86164K, committed 87168K, reserved 1130496K
  class space    used 8583K, committed 9024K, reserved 1048576K
}
Event: 3075.062 GC heap after
{Heap after GC invocations=5208 (full 113):
 PSYoungGen      total 9728K, used 2240K [0x00000000eab00000, 0x00000000eba00000, 0x0000000100000000)
  eden space 7168K, 0% used [0x00000000eab00000,0x00000000eab00000,0x00000000eb200000)
  from space 2560K, 87% used [0x00000000eb780000,0x00000000eb9b0000,0x00000000eba00000)
  to   space 3584K, 0% used [0x00000000eb300000,0x00000000eb300000,0x00000000eb680000)
 ParOldGen       total 365568K, used 339267K [0x00000000c0000000, 0x00000000d6500000, 0x00000000eab00000)
  object space 365568K, 92% used [0x00000000c0000000,0x00000000d4b50e50,0x00000000d6500000)
 Metaspace       used 86164K, committed 87168K, reserved 1130496K
  class space    used 8583K, committed 9024K, reserved 1048576K
}
Event: 3075.070 GC heap before
{Heap before GC invocations=5209 (full 113):
 PSYoungGen      total 9728K, used 9408K [0x00000000eab00000, 0x00000000eba00000, 0x0000000100000000)
  eden space 7168K, 100% used [0x00000000eab00000,0x00000000eb200000,0x00000000eb200000)
  from space 2560K, 87% used [0x00000000eb780000,0x00000000eb9b0000,0x00000000eba00000)
  to   space 3584K, 0% used [0x00000000eb300000,0x00000000eb300000,0x00000000eb680000)
 ParOldGen       total 365568K, used 339267K [0x00000000c0000000, 0x00000000d6500000, 0x00000000eab00000)
  object space 365568K, 92% used [0x00000000c0000000,0x00000000d4b50e50,0x00000000d6500000)
 Metaspace       used 86164K, committed 87168K, reserved 1130496K
  class space    used 8583K, committed 9024K, reserved 1048576K
}
Event: 3075.075 GC heap after
{Heap after GC invocations=5209 (full 113):
 PSYoungGen      total 11776K, used 2620K [0x00000000eab00000, 0x00000000eb980000, 0x0000000100000000)
  eden space 8192K, 0% used [0x00000000eab00000,0x00000000eab00000,0x00000000eb300000)
  from space 3584K, 73% used [0x00000000eb300000,0x00000000eb58f000,0x00000000eb680000)
  to   space 3072K, 0% used [0x00000000eb680000,0x00000000eb680000,0x00000000eb980000)
 ParOldGen       total 365568K, used 341379K [0x00000000c0000000, 0x00000000d6500000, 0x00000000eab00000)
  object space 365568K, 93% used [0x00000000c0000000,0x00000000d4d60e50,0x00000000d6500000)
 Metaspace       used 86164K, committed 87168K, reserved 1130496K
  class space    used 8583K, committed 9024K, reserved 1048576K
}
Event: 3075.098 GC heap before
{Heap before GC invocations=5210 (full 113):
 PSYoungGen      total 11776K, used 9994K [0x00000000eab00000, 0x00000000eb980000, 0x0000000100000000)
  eden space 8192K, 90% used [0x00000000eab00000,0x00000000eb233af8,0x00000000eb300000)
  from space 3584K, 73% used [0x00000000eb300000,0x00000000eb58f000,0x00000000eb680000)
  to   space 3072K, 0% used [0x00000000eb680000,0x00000000eb680000,0x00000000eb980000)
 ParOldGen       total 365568K, used 341379K [0x00000000c0000000, 0x00000000d6500000, 0x00000000eab00000)
  object space 365568K, 93% used [0x00000000c0000000,0x00000000d4d60e50,0x00000000d6500000)
 Metaspace       used 86164K, committed 87168K, reserved 1130496K
  class space    used 8583K, committed 9024K, reserved 1048576K
}
Event: 3075.102 GC heap after
{Heap after GC invocations=5210 (full 113):
 PSYoungGen      total 11264K, used 3072K [0x00000000eab00000, 0x00000000eb980000, 0x0000000100000000)
  eden space 8192K, 0% used [0x00000000eab00000,0x00000000eab00000,0x00000000eb300000)
  from space 3072K, 100% used [0x00000000eb680000,0x00000000eb980000,0x00000000eb980000)
  to   space 3584K, 0% used [0x00000000eb300000,0x00000000eb300000,0x00000000eb680000)
 ParOldGen       total 365568K, used 343923K [0x00000000c0000000, 0x00000000d6500000, 0x00000000eab00000)
  object space 365568K, 94% used [0x00000000c0000000,0x00000000d4fdce50,0x00000000d6500000)
 Metaspace       used 86164K, committed 87168K, reserved 1130496K
  class space    used 8583K, committed 9024K, reserved 1048576K
}
Event: 3075.178 GC heap before
{Heap before GC invocations=5211 (full 113):
 PSYoungGen      total 11264K, used 11219K [0x00000000eab00000, 0x00000000eb980000, 0x0000000100000000)
  eden space 8192K, 99% used [0x00000000eab00000,0x00000000eb2f4ea0,0x00000000eb300000)
  from space 3072K, 100% used [0x00000000eb680000,0x00000000eb980000,0x00000000eb980000)
  to   space 3584K, 0% used [0x00000000eb300000,0x00000000eb300000,0x00000000eb680000)
 ParOldGen       total 365568K, used 343923K [0x00000000c0000000, 0x00000000d6500000, 0x00000000eab00000)
  object space 365568K, 94% used [0x00000000c0000000,0x00000000d4fdce50,0x00000000d6500000)
 Metaspace       used 86166K, committed 87168K, reserved 1130496K
  class space    used 8583K, committed 9024K, reserved 1048576K
}
Event: 3075.183 GC heap after
{Heap after GC invocations=5211 (full 113):
 PSYoungGen      total 11776K, used 3555K [0x00000000eab00000, 0x00000000eb980000, 0x0000000100000000)
  eden space 8192K, 0% used [0x00000000eab00000,0x00000000eab00000,0x00000000eb300000)
  from space 3584K, 99% used [0x00000000eb300000,0x00000000eb678c60,0x00000000eb680000)
  to   space 3072K, 0% used [0x00000000eb680000,0x00000000eb680000,0x00000000eb980000)
 ParOldGen       total 365568K, used 349571K [0x00000000c0000000, 0x00000000d6500000, 0x00000000eab00000)
  object space 365568K, 95% used [0x00000000c0000000,0x00000000d5560e50,0x00000000d6500000)
 Metaspace       used 86166K, committed 87168K, reserved 1130496K
  class space    used 8583K, committed 9024K, reserved 1048576K
}
Event: 3075.947 GC heap before
{Heap before GC invocations=5212 (full 113):
 PSYoungGen      total 11776K, used 11747K [0x00000000eab00000, 0x00000000eb980000, 0x0000000100000000)
  eden space 8192K, 100% used [0x00000000eab00000,0x00000000eb300000,0x00000000eb300000)
  from space 3584K, 99% used [0x00000000eb300000,0x00000000eb678c60,0x00000000eb680000)
  to   space 3072K, 0% used [0x00000000eb680000,0x00000000eb680000,0x00000000eb980000)
 ParOldGen       total 365568K, used 349571K [0x00000000c0000000, 0x00000000d6500000, 0x00000000eab00000)
  object space 365568K, 95% used [0x00000000c0000000,0x00000000d5560e50,0x00000000d6500000)
 Metaspace       used 86166K, committed 87168K, reserved 1130496K
  class space    used 8583K, committed 9024K, reserved 1048576K
}
Event: 3075.952 GC heap after
{Heap after GC invocations=5212 (full 113):
 PSYoungGen      total 9728K, used 2048K [0x00000000eab00000, 0x00000000ebf00000, 0x0000000100000000)
  eden space 6656K, 0% used [0x00000000eab00000,0x00000000eab00000,0x00000000eb180000)
  from space 3072K, 66% used [0x00000000eb680000,0x00000000eb880020,0x00000000eb980000)
  to   space 5120K, 0% used [0x00000000eb180000,0x00000000eb180000,0x00000000eb680000)
 ParOldGen       total 365568K, used 352830K [0x00000000c0000000, 0x00000000d6500000, 0x00000000eab00000)
  object space 365568K, 96% used [0x00000000c0000000,0x00000000d588fab0,0x00000000d6500000)
 Metaspace       used 86166K, committed 87168K, reserved 1130496K
  class space    used 8583K, committed 9024K, reserved 1048576K
}

